Determining if the pthread_create exist failed with the following output:
Change Dir: /home/nando/rtmidi-master/CMakeFiles/CMakeTmp

Run Build Command:"/usr/bin/make" "cmTC_d389f/fast"
/usr/bin/make -f CMakeFiles/cmTC_d389f.dir/build.make CMakeFiles/cmTC_d389f.dir/build
make[1]: Entering directory '/home/nando/rtmidi-master/CMakeFiles/CMakeTmp'
Building CXX object CMakeFiles/cmTC_d389f.dir/CheckSymbolExists.cxx.o
/usr/bin/c++    -Wall    -o CMakeFiles/cmTC_d389f.dir/CheckSymbolExists.cxx.o -c /home/nando/rtmidi-master/CMakeFiles/CMakeTmp/CheckSymbolExists.cxx
Linking CXX executable cmTC_d389f
/usr/bin/cmake -E cmake_link_script CMakeFiles/cmTC_d389f.dir/link.txt --verbose=1
/usr/bin/c++   -Wall     -rdynamic CMakeFiles/cmTC_d389f.dir/CheckSymbolExists.cxx.o  -o cmTC_d389f 
CMakeFiles/cmTC_d389f.dir/CheckSymbolExists.cxx.o: In function `main':
CheckSymbolExists.cxx:(.text+0x1b): undefined reference to `pthread_create'
collect2: error: ld returned 1 exit status
CMakeFiles/cmTC_d389f.dir/build.make:97: recipe for target 'cmTC_d389f' failed
make[1]: *** [cmTC_d389f] Error 1
make[1]: Leaving directory '/home/nando/rtmidi-master/CMakeFiles/CMakeTmp'
Makefile:126: recipe for target 'cmTC_d389f/fast' failed
make: *** [cmTC_d389f/fast] Error 2

File /home/nando/rtmidi-master/CMakeFiles/CMakeTmp/CheckSymbolExists.cxx:
/* */
#include <pthread.h>

int main(int argc, char** argv)
{
  (void)argv;
#ifndef pthread_create
  return ((int*)(&pthread_create))[argc];
#else
  (void)argc;
  return 0;
#endif
}

Determining if the function pthread_create exists in the pthreads failed with the following output:
Change Dir: /home/nando/rtmidi-master/CMakeFiles/CMakeTmp

Run Build Command:"/usr/bin/make" "cmTC_356f5/fast"
/usr/bin/make -f CMakeFiles/cmTC_356f5.dir/build.make CMakeFiles/cmTC_356f5.dir/build
make[1]: Entering directory '/home/nando/rtmidi-master/CMakeFiles/CMakeTmp'
Building CXX object CMakeFiles/cmTC_356f5.dir/CheckFunctionExists.cxx.o
/usr/bin/c++    -Wall -DCHECK_FUNCTION_EXISTS=pthread_create   -o CMakeFiles/cmTC_356f5.dir/CheckFunctionExists.cxx.o -c /home/nando/rtmidi-master/CMakeFiles/CheckLibraryExists/CheckFunctionExists.cxx
Linking CXX executable cmTC_356f5
/usr/bin/cmake -E cmake_link_script CMakeFiles/cmTC_356f5.dir/link.txt --verbose=1
/usr/bin/c++   -Wall -DCHECK_FUNCTION_EXISTS=pthread_create    -rdynamic CMakeFiles/cmTC_356f5.dir/CheckFunctionExists.cxx.o  -o cmTC_356f5 -lpthreads 
/usr/bin/ld: cannot find -lpthreads
collect2: error: ld returned 1 exit status
CMakeFiles/cmTC_356f5.dir/build.make:97: recipe for target 'cmTC_356f5' failed
make[1]: *** [cmTC_356f5] Error 1
make[1]: Leaving directory '/home/nando/rtmidi-master/CMakeFiles/CMakeTmp'
Makefile:126: recipe for target 'cmTC_356f5/fast' failed
make: *** [cmTC_356f5/fast] Error 2


